0 info it worked if it ends with ok
1 verbose cli [ '/usr/local/bin/node', '/usr/local/bin/npm', 'install' ]
2 info using npm@2.14.12
3 info using node@v4.2.4
4 verbose readDependencies loading dependencies from /Users/admin/Documents/GitHub/flipcinema/package.json
5 warn package.json FlipCinema@0.0.1 No repository field.
6 verbose install where, deps [ '/Users/admin/Documents/GitHub/flipcinema',
6 verbose install   [ 'grunt', 'grunt-postcss' ] ]
7 verbose install where, peers [ '/Users/admin/Documents/GitHub/flipcinema', [] ]
8 verbose installManyTop reading for lifecycle /Users/admin/Documents/GitHub/flipcinema/package.json
9 info preinstall FlipCinema@0.0.1
10 verbose readDependencies loading dependencies from /Users/admin/Documents/GitHub/flipcinema/package.json
11 silly cache add args [ 'grunt@~1.2.0', null ]
12 verbose cache add spec grunt@~1.2.0
13 silly cache add args [ 'grunt-postcss@~1.0.0', null ]
14 verbose cache add spec grunt-postcss@~1.0.0
15 silly cache add parsed spec Result {
15 silly cache add   raw: 'grunt@~1.2.0',
15 silly cache add   scope: null,
15 silly cache add   name: 'grunt',
15 silly cache add   rawSpec: '~1.2.0',
15 silly cache add   spec: '>=1.2.0 <1.3.0',
15 silly cache add   type: 'range' }
16 silly addNamed grunt@>=1.2.0 <1.3.0
17 verbose addNamed ">=1.2.0 <1.3.0" is a valid semver range for grunt
18 silly addNameRange { name: 'grunt', range: '>=1.2.0 <1.3.0', hasData: false }
19 silly mapToRegistry name grunt
20 silly mapToRegistry using default registry
21 silly mapToRegistry registry https://registry.npmjs.org/
22 silly mapToRegistry uri https://registry.npmjs.org/grunt
23 verbose addNameRange registry:https://registry.npmjs.org/grunt not in flight; fetching
24 silly cache add parsed spec Result {
24 silly cache add   raw: 'grunt-postcss@~1.0.0',
24 silly cache add   scope: null,
24 silly cache add   name: 'grunt-postcss',
24 silly cache add   rawSpec: '~1.0.0',
24 silly cache add   spec: '>=1.0.0 <1.1.0',
24 silly cache add   type: 'range' }
25 silly addNamed grunt-postcss@>=1.0.0 <1.1.0
26 verbose addNamed ">=1.0.0 <1.1.0" is a valid semver range for grunt-postcss
27 silly addNameRange { name: 'grunt-postcss',
27 silly addNameRange   range: '>=1.0.0 <1.1.0',
27 silly addNameRange   hasData: false }
28 silly mapToRegistry name grunt-postcss
29 silly mapToRegistry using default registry
30 silly mapToRegistry registry https://registry.npmjs.org/
31 silly mapToRegistry uri https://registry.npmjs.org/grunt-postcss
32 verbose addNameRange registry:https://registry.npmjs.org/grunt-postcss not in flight; fetching
33 verbose request uri https://registry.npmjs.org/grunt-postcss
34 verbose request no auth needed
35 info attempt registry request try #1 at 11:32:44 AM
36 verbose request id 95152938640e7c10
37 verbose etag W/"59b5392c-7612"
38 verbose lastModified Sun, 10 Sep 2017 13:07:56 GMT
39 http request GET https://registry.npmjs.org/grunt-postcss
40 verbose request uri https://registry.npmjs.org/grunt
41 verbose request no auth needed
42 info attempt registry request try #1 at 11:32:45 AM
43 verbose etag W/"59d5df70-18c69"
44 verbose lastModified Thu, 05 Oct 2017 07:29:52 GMT
45 http request GET https://registry.npmjs.org/grunt
46 http 304 https://registry.npmjs.org/grunt
47 verbose headers { date: 'Sun, 08 Oct 2017 06:02:44 GMT',
47 verbose headers   via: '1.1 varnish',
47 verbose headers   'cache-control': 'max-age=300',
47 verbose headers   etag: 'W/"59d5df70-18c69"',
47 verbose headers   age: '43',
47 verbose headers   connection: 'keep-alive',
47 verbose headers   'x-served-by': 'cache-sin18024-SIN',
47 verbose headers   'x-cache': 'HIT',
47 verbose headers   'x-cache-hits': '1',
47 verbose headers   'x-timer': 'S1507442564.318888,VS0,VE1',
47 verbose headers   vary: 'Accept-Encoding, Accept' }
48 silly get cb [ 304,
48 silly get   { date: 'Sun, 08 Oct 2017 06:02:44 GMT',
48 silly get     via: '1.1 varnish',
48 silly get     'cache-control': 'max-age=300',
48 silly get     etag: 'W/"59d5df70-18c69"',
48 silly get     age: '43',
48 silly get     connection: 'keep-alive',
48 silly get     'x-served-by': 'cache-sin18024-SIN',
48 silly get     'x-cache': 'HIT',
48 silly get     'x-cache-hits': '1',
48 silly get     'x-timer': 'S1507442564.318888,VS0,VE1',
48 silly get     vary: 'Accept-Encoding, Accept' } ]
49 verbose etag https://registry.npmjs.org/grunt from cache
50 verbose get saving grunt to /Users/admin/.npm/registry.npmjs.org/grunt/.cache.json
51 silly addNameRange number 2 { name: 'grunt', range: '>=1.2.0 <1.3.0', hasData: true }
52 silly addNameRange versions [ 'grunt',
52 silly addNameRange   [ '0.1.0',
52 silly addNameRange     '0.1.1',
52 silly addNameRange     '0.1.2',
52 silly addNameRange     '0.2.0',
52 silly addNameRange     '0.2.1',
52 silly addNameRange     '0.2.2',
52 silly addNameRange     '0.2.3',
52 silly addNameRange     '0.2.4',
52 silly addNameRange     '0.2.5',
52 silly addNameRange     '0.2.6',
52 silly addNameRange     '0.2.7',
52 silly addNameRange     '0.2.8',
52 silly addNameRange     '0.2.9',
52 silly addNameRange     '0.2.10',
52 silly addNameRange     '0.2.11',
52 silly addNameRange     '0.2.12',
52 silly addNameRange     '0.2.13',
52 silly addNameRange     '0.2.14',
52 silly addNameRange     '0.2.15',
52 silly addNameRange     '0.3.0',
52 silly addNameRange     '0.3.1',
52 silly addNameRange     '0.3.2',
52 silly addNameRange     '0.3.3',
52 silly addNameRange     '0.3.4',
52 silly addNameRange     '0.3.5',
52 silly addNameRange     '0.3.6',
52 silly addNameRange     '0.3.7',
52 silly addNameRange     '0.3.8',
52 silly addNameRange     '0.3.9',
52 silly addNameRange     '0.3.10',
52 silly addNameRange     '0.3.11',
52 silly addNameRange     '0.3.12',
52 silly addNameRange     '0.3.13',
52 silly addNameRange     '0.3.14',
52 silly addNameRange     '0.3.15',
52 silly addNameRange     '0.3.16',
52 silly addNameRange     '0.3.17',
52 silly addNameRange     '0.4.0',
52 silly addNameRange     '0.4.1',
52 silly addNameRange     '0.4.2',
52 silly addNameRange     '0.4.3',
52 silly addNameRange     '0.4.4',
52 silly addNameRange     '0.4.5',
52 silly addNameRange     '1.0.0-rc1',
52 silly addNameRange     '1.0.0',
52 silly addNameRange     '1.0.1',
52 silly addNameRange     '0.3.13-a',
52 silly addNameRange     '0.4.0-a',
52 silly addNameRange     '0.4.0-rc1',
52 silly addNameRange     '0.4.0-rc2',
52 silly addNameRange     '0.4.0-rc3',
52 silly addNameRange     '0.4.0-rc4',
52 silly addNameRange     '0.4.0-rc5',
52 silly addNameRange     '0.4.0-rc6',
52 silly addNameRange     '0.4.0-rc7',
52 silly addNameRange     '0.4.0-rc8' ] ]
53 http 304 https://registry.npmjs.org/grunt-postcss
54 verbose headers { date: 'Sun, 08 Oct 2017 06:02:44 GMT',
54 verbose headers   via: '1.1 varnish',
54 verbose headers   'cache-control': 'max-age=300',
54 verbose headers   etag: 'W/"59b5392c-7612"',
54 verbose headers   age: '0',
54 verbose headers   connection: 'keep-alive',
54 verbose headers   'x-served-by': 'cache-sin18027-SIN',
54 verbose headers   'x-cache': 'HIT',
54 verbose headers   'x-cache-hits': '1',
54 verbose headers   'x-timer': 'S1507442564.317238,VS0,VE701',
54 verbose headers   vary: 'Accept-Encoding, Accept' }
55 silly get cb [ 304,
55 silly get   { date: 'Sun, 08 Oct 2017 06:02:44 GMT',
55 silly get     via: '1.1 varnish',
55 silly get     'cache-control': 'max-age=300',
55 silly get     etag: 'W/"59b5392c-7612"',
55 silly get     age: '0',
55 silly get     connection: 'keep-alive',
55 silly get     'x-served-by': 'cache-sin18027-SIN',
55 silly get     'x-cache': 'HIT',
55 silly get     'x-cache-hits': '1',
55 silly get     'x-timer': 'S1507442564.317238,VS0,VE701',
55 silly get     vary: 'Accept-Encoding, Accept' } ]
56 verbose etag https://registry.npmjs.org/grunt-postcss from cache
57 verbose get saving grunt-postcss to /Users/admin/.npm/registry.npmjs.org/grunt-postcss/.cache.json
58 silly addNameRange number 2 { name: 'grunt-postcss', range: '>=1.0.0 <1.1.0', hasData: true }
59 silly addNameRange versions [ 'grunt-postcss',
59 silly addNameRange   [ '0.1.0',
59 silly addNameRange     '0.2.0',
59 silly addNameRange     '0.3.0',
59 silly addNameRange     '0.4.0',
59 silly addNameRange     '0.5.0',
59 silly addNameRange     '0.5.1',
59 silly addNameRange     '0.5.2',
59 silly addNameRange     '0.5.3',
59 silly addNameRange     '0.5.4',
59 silly addNameRange     '0.5.5',
59 silly addNameRange     '0.6.0',
59 silly addNameRange     '0.7.0',
59 silly addNameRange     '0.7.1',
59 silly addNameRange     '0.7.2',
59 silly addNameRange     '0.8.0',
59 silly addNameRange     '0.9.0' ] ]
60 verbose stack Error: No compatible version found: grunt@'>=1.2.0 <1.3.0'
60 verbose stack Valid install targets:
60 verbose stack ["0.1.0","0.1.1","0.1.2","0.2.0","0.2.1","0.2.2","0.2.3","0.2.4","0.2.5","0.2.6","0.2.7","0.2.8","0.2.9","0.2.10","0.2.11","0.2.12","0.2.13","0.2.14","0.2.15","0.3.0","0.3.1","0.3.2","0.3.3","0.3.4","0.3.5","0.3.6","0.3.7","0.3.8","0.3.9","0.3.10","0.3.11","0.3.12","0.3.13","0.3.14","0.3.15","0.3.16","0.3.17","0.4.0","0.4.1","0.4.2","0.4.3","0.4.4","0.4.5","1.0.0-rc1","1.0.0","1.0.1","0.3.13-a","0.4.0-a","0.4.0-rc1","0.4.0-rc2","0.4.0-rc3","0.4.0-rc4","0.4.0-rc5","0.4.0-rc6","0.4.0-rc7","0.4.0-rc8"]
60 verbose stack
60 verbose stack     at installTargetsError (/usr/local/lib/node_modules/npm/lib/cache/add-named.js:284:12)
60 verbose stack     at next (/usr/local/lib/node_modules/npm/lib/cache/add-named.js:262:19)
60 verbose stack     at setData (/usr/local/lib/node_modules/npm/lib/cache/add-named.js:236:5)
60 verbose stack     at RES (/usr/local/lib/node_modules/npm/node_modules/inflight/inflight.js:23:14)
60 verbose stack     at f (/usr/local/lib/node_modules/npm/node_modules/once/once.js:17:25)
60 verbose stack     at fixName (/usr/local/lib/node_modules/npm/lib/cache/add-named.js:29:5)
60 verbose stack     at saved (/usr/local/lib/node_modules/npm/lib/cache/caching-client.js:173:7)
60 verbose stack     at /usr/local/lib/node_modules/npm/node_modules/graceful-fs/polyfills.js:210:7
60 verbose stack     at FSReqWrap.oncomplete (fs.js:82:15)
61 verbose cwd /Users/admin/Documents/GitHub/flipcinema
62 error Darwin 16.7.0
63 error argv "/usr/local/bin/node" "/usr/local/bin/npm" "install"
64 error node v4.2.4
65 error npm  v2.14.12
66 error code ETARGET
67 error notarget No compatible version found: grunt@'>=1.2.0 <1.3.0'
67 error notarget Valid install targets:
67 error notarget ["0.1.0","0.1.1","0.1.2","0.2.0","0.2.1","0.2.2","0.2.3","0.2.4","0.2.5","0.2.6","0.2.7","0.2.8","0.2.9","0.2.10","0.2.11","0.2.12","0.2.13","0.2.14","0.2.15","0.3.0","0.3.1","0.3.2","0.3.3","0.3.4","0.3.5","0.3.6","0.3.7","0.3.8","0.3.9","0.3.10","0.3.11","0.3.12","0.3.13","0.3.14","0.3.15","0.3.16","0.3.17","0.4.0","0.4.1","0.4.2","0.4.3","0.4.4","0.4.5","1.0.0-rc1","1.0.0","1.0.1","0.3.13-a","0.4.0-a","0.4.0-rc1","0.4.0-rc2","0.4.0-rc3","0.4.0-rc4","0.4.0-rc5","0.4.0-rc6","0.4.0-rc7","0.4.0-rc8"]
67 error notarget
67 error notarget This is most likely not a problem with npm itself.
67 error notarget In most cases you or one of your dependencies are requesting
67 error notarget a package version that doesn't exist.
67 error notarget
67 error notarget It was specified as a dependency of 'FlipCinema'
68 verbose exit [ 1, true ]
